<?xml version="1.0" encoding="UTF-8"?>
<!-- Generated by org.testng.reporters.JUnitReportReporter -->
<testsuite hostname="HomePC" name="samplePractiseproject.openbrowser" tests="1" failures="0" timestamp="19 Aug 2019 13:15:42 GMT" time="5.324" errors="0">
  <testcase name="test" time="5.324" classname="samplePractiseproject.openbrowser"/>
</testsuite> <!-- samplePractiseproject.openbrowser -->
