<?xml version="1.0" encoding="UTF-8"?>
<!-- Generated by org.testng.reporters.JUnitReportReporter -->
<testsuite hostname="HomePC" name="samplePractiseproject.openbrowser" tests="1" failures="0" timestamp="19 Aug 2019 17:21:56 GMT" time="15.188" errors="0">
  <testcase name="test" time="15.188" classname="samplePractiseproject.openbrowser"/>
</testsuite> <!-- samplePractiseproject.openbrowser -->
