<?xml version="1.0" encoding="UTF-8"?>
<!-- Generated by org.testng.reporters.JUnitReportReporter -->
<testsuite hostname="HomePC" name="samplePractiseproject.openbrowser" tests="1" failures="0" timestamp="30 Aug 2019 01:29:19 GMT" time="9.958" errors="0">
  <testcase name="test" time="9.958" classname="samplePractiseproject.openbrowser"/>
</testsuite> <!-- samplePractiseproject.openbrowser -->
